<?xml version="1.0" encoding="UTF-8"?>
<!-- Generated by org.testng.reporters.JUnitXMLReporter -->
<testsuite ignored="0" hostname="CV6P4CQ9XP" failures="0" tests="1" name="Android Local" time="0.283" errors="0" timestamp="2025-09-03T15:27:04 IST">
  <testcase classname="Base.Baseclass" name="@BeforeMethod setUp" time="0.113">
    <failure type="java.lang.RuntimeException" message="❌ Appium executable not found. Install Appium globally using &amp;apos;npm install -g appium&amp;apos;.">
      <![CDATA[java.lang.RuntimeException: ❌ Appium executable not found. Install Appium globally using 'npm install -g appium'.
at com.automate.driver.Manager.AppiumServerManager.detectAppiumPath(AppiumServerManager.java:84)
at com.automate.driver.Manager.AppiumServerManager.startServer(AppiumServerManager.java:16)
at Base.Baseclass.setUp(Baseclass.java:49)
at java.base/java.util.ArrayList.forEach(ArrayList.java:1596)
at java.base/java.util.concurrent.FutureTask.run(FutureTask.java:317)
at java.base/java.util.concurrent.ThreadPoolExecutor.runWorker(ThreadPoolExecutor.java:1144)
at java.base/java.util.concurrent.ThreadPoolExecutor$Worker.run(ThreadPoolExecutor.java:642)
at java.base/java.lang.Thread.run(Thread.java:1583)
... Removed 19 stack frames]]>
    </failure>
  </testcase> <!-- @BeforeMethod setUp -->
  <testcase classname="com.Tests.NewyorkerSampleTest" name="verifyAppLaunch" time="0.0">
    <skipped/>
  </testcase> <!-- verifyAppLaunch -->
</testsuite> <!-- Android Local -->
