<?xml version="1.0" encoding="UTF-8"?>
<!-- Generated by org.testng.reporters.JUnitXMLReporter -->
<testsuite ignored="0" hostname="CV6P4CQ9XP" failures="0" tests="1" name="iOS Local" time="11.306" errors="0" timestamp="2025-09-04T17:14:21 IST">
  <testcase classname="com.Tests.NewyorkerSampleTest" name="@BeforeMethod initPageObjects" time="0.051">
    <failure type="java.lang.RuntimeException" message="java.lang.NoSuchMethodException: jdk.proxy2.$Proxy12.proxyClassLookup()">
      <![CDATA[java.lang.RuntimeException: java.lang.NoSuchMethodException: jdk.proxy2.$Proxy12.proxyClassLookup()
at io.appium.java_client.pagefactory.bys.builder.AppiumByBuilder.prepareAnnotationMethods(AppiumByBuilder.java:84)
at io.appium.java_client.pagefactory.bys.builder.AppiumByBuilder.getFilledValue(AppiumByBuilder.java:91)
at io.appium.java_client.pagefactory.bys.builder.AppiumByBuilder.createBy(AppiumByBuilder.java:147)
at io.appium.java_client.pagefactory.DefaultElementByBuilder.getBys(DefaultElementByBuilder.java:133)
at io.appium.java_client.pagefactory.DefaultElementByBuilder.buildMobileNativeBy(DefaultElementByBuilder.java:175)
at io.appium.java_client.pagefactory.DefaultElementByBuilder.buildBy(DefaultElementByBuilder.java:204)
at io.appium.java_client.pagefactory.AppiumElementLocatorFactory.createLocator(AppiumElementLocatorFactory.java:66)
at io.appium.java_client.pagefactory.AppiumElementLocatorFactory.createLocator(AppiumElementLocatorFactory.java:53)
at io.appium.java_client.pagefactory.AppiumElementLocatorFactory.createLocator(AppiumElementLocatorFactory.java:1)
at org.openqa.selenium.support.pagefactory.DefaultFieldDecorator.decorate(DefaultFieldDecorator.java:56)
at io.appium.java_client.pagefactory.AppiumFieldDecorator.decorate(AppiumFieldDecorator.java:154)
at org.openqa.selenium.support.PageFactory.proxyFields(PageFactory.java:113)
at org.openqa.selenium.support.PageFactory.initElements(PageFactory.java:105)
at com.automate.pages.PlayTabScreen.<init>(PlayTabScreen.java:79)
at com.Tests.NewyorkerSampleTest.initPageObjects(NewyorkerSampleTest.java:24)
at java.base/java.util.ArrayList.forEach(ArrayList.java:1596)
at java.base/java.util.concurrent.FutureTask.run(FutureTask.java:317)
at java.base/java.util.concurrent.ThreadPoolExecutor.runWorker(ThreadPoolExecutor.java:1144)
at java.base/java.util.concurrent.ThreadPoolExecutor$Worker.run(ThreadPoolExecutor.java:642)
at java.base/java.lang.Thread.run(Thread.java:1583)
Caused by: java.lang.NoSuchMethodException: jdk.proxy2.$Proxy12.proxyClassLookup()
at java.base/java.lang.Class.getMethod(Class.java:2395)
at io.appium.java_client.pagefactory.bys.builder.AppiumByBuilder.prepareAnnotationMethods(AppiumByBuilder.java:82)
... 38 more
... Removed 19 stack frames]]>
    </failure>
  </testcase> <!-- @BeforeMethod initPageObjects -->
  <testcase classname="com.Tests.NewyorkerSampleTest" name="playTabScreenValidation" time="0.0">
    <skipped/>
  </testcase> <!-- playTabScreenValidation -->
</testsuite> <!-- iOS Local -->
