<?xml version="1.0" encoding="UTF-8"?>
<!-- Generated by org.testng.reporters.JUnitXMLReporter -->
<testsuite ignored="0" hostname="CV6P4CQ9XP" failures="0" tests="1" name="iOS Local Execution" time="0.119" errors="0" timestamp="2025-09-02T15:50:31 IST">
  <testcase classname="Base.Baseclass" name="@BeforeMethod setUp" time="-1.756808431318E9">
    <failure type="org.testng.TestNGException" message="
Parameter &amp;apos;platform&amp;apos; is required by BeforeMethod on method setUp but has not been marked @Optional or defined
in /Users/svadivel/Desktop/Update_FW/TNY_iOS_Automation-main/testng2.xml">
      <![CDATA[org.testng.TestNGException: 
Parameter 'platform' is required by BeforeMethod on method setUp but has not been marked @Optional or defined
in /Users/svadivel/Desktop/Update_FW/TNY_iOS_Automation-main/testng2.xml
at java.base/java.util.ArrayList.forEach(ArrayList.java:1596)
at java.base/java.util.concurrent.FutureTask.run(FutureTask.java:317)
at java.base/java.util.concurrent.ThreadPoolExecutor.runWorker(ThreadPoolExecutor.java:1144)
at java.base/java.util.concurrent.ThreadPoolExecutor$Worker.run(ThreadPoolExecutor.java:642)
at java.base/java.lang.Thread.run(Thread.java:1583)
... Removed 18 stack frames]]>
    </failure>
  </testcase> <!-- @BeforeMethod setUp -->
  <testcase classname="com.Tests.NewyorkerSampleTest" name="verifyAppLaunch" time="0.0">
    <skipped/>
  </testcase> <!-- verifyAppLaunch -->
</testsuite> <!-- iOS Local Execution -->
