-------------------------------------------------------------------------------
Test set: TestSuite
-------------------------------------------------------------------------------
Tests run: 2, Failures: 1, Errors: 0, Skipped: 1, Time elapsed: 13.069 s <<< FAILURE! - in TestSuite
com.Tests.NewyorkerSampleTest.initPageObjects  Time elapsed: 11.064 s  <<< FAILURE!
java.lang.RuntimeException: java.lang.NoSuchMethodException: jdk.proxy2.$Proxy9.proxyClassLookup()
	at com.Tests.NewyorkerSampleTest.initPageObjects(NewyorkerSampleTest.java:24)
Caused by: java.lang.NoSuchMethodException: jdk.proxy2.$Proxy9.proxyClassLookup()
	at com.Tests.NewyorkerSampleTest.initPageObjects(NewyorkerSampleTest.java:24)

