<?xml version="1.0" encoding="UTF-8"?>
<testsuite xmlns:xsi="http://www.w3.org/2001/XMLSchema-instance" xsi:noNamespaceSchemaLocation="https://maven.apache.org/surefire/maven-surefire-plugin/xsd/surefire-test-report-3.0.xsd" version="3.0" name="TestSuite" time="13.069" tests="2" errors="0" skipped="1" failures="1">
  <properties>
[...]
</properties>
  <testcase name="initPageObjects" classname="com.Tests.NewyorkerSampleTest" time="11.064">
    <failure message="java.lang.NoSuchMethodException: jdk.proxy2.$Proxy9.proxyClassLookup()" type="java.lang.RuntimeException"><![CDATA[java.lang.RuntimeException: java.lang.NoSuchMethodException: jdk.proxy2.$Proxy9.proxyClassLookup()
	at com.Tests.NewyorkerSampleTest.initPageObjects(NewyorkerSampleTest.java:24)
Caused by: java.lang.NoSuchMethodException: jdk.proxy2.$Proxy9.proxyClassLookup()
	at com.Tests.NewyorkerSampleTest.initPageObjects(NewyorkerSampleTest.java:24)
]]></failure>
    <system-out><![CDATA[✅ Starting Appium server on port 4724
✅ Appium server started successfully
✅ Launching installed app with bundleId: com.condenet.newyorker.today
✅ iOS Driver session created: 6a6e4d12-068a-493d-b92c-d5a9acc6a25d
]]></system-out>
    <system-err><![CDATA[SLF4J: Failed to load class "org.slf4j.impl.StaticLoggerBinder".
SLF4J: Defaulting to no-operation (NOP) logger implementation
SLF4J: See http://www.slf4j.org/codes.html#StaticLoggerBinder for further details.
Sep 04, 2025 5:52:42 PM io.appium.java_client.remote.AppiumCommandExecutor$1 lambda$0
INFO: Detected dialect: W3C
]]></system-err>
  </testcase>
  <testcase name="playTabScreenValidation" classname="com.Tests.NewyorkerSampleTest" time="0">
    <skipped message="java.lang.NoSuchMethodException: jdk.proxy2.$Proxy9.proxyClassLookup()"/>
  </testcase>
</testsuite>